[INFO  - 2020-12-09T01:11:30.265Z] GhostDriver - Main - running on port 59613
[INFO  - 2020-12-09T01:11:30.784Z] Session [7878c3a0-39bb-11eb-a2ca-31872a85ab07] - page.settings - {"XSSAuditingEnabled":false,"javascriptCanCloseWindows":true,"javascriptCanOpenWindows":true,"javascriptEnabled":true,"loadImages":true,"localToRemoteUrlAccessEnabled":false,"userAgent":"Mozilla/5.0 (Windows NT 6.2; WOW64) AppleWebKit/538.1 (KHTML, like Gecko) PhantomJS/2.1.1 Safari/538.1","webSecurityEnabled":true}
[INFO  - 2020-12-09T01:11:30.784Z] Session [7878c3a0-39bb-11eb-a2ca-31872a85ab07] - page.customHeaders:  - {}
[INFO  - 2020-12-09T01:11:30.784Z] Session [7878c3a0-39bb-11eb-a2ca-31872a85ab07] - Session.negotiatedCapabilities - {"browserName":"phantomjs","version":"2.1.1","driverName":"ghostdriver","driverVersion":"1.2.0","platform":"windows-10-32bit","javascriptEnabled":true,"takesScreenshot":true,"handlesAlerts":false,"databaseEnabled":false,"locationContextEnabled":false,"applicationCacheEnabled":false,"browserConnectionEnabled":false,"cssSelectorsEnabled":true,"webStorageEnabled":false,"rotatable":false,"acceptSslCerts":false,"nativeEvents":true,"proxy":{"proxyType":"direct"}}
[INFO  - 2020-12-09T01:11:30.784Z] SessionManagerReqHand - _postNewSessionCommand - New Session Created: 7878c3a0-39bb-11eb-a2ca-31872a85ab07
[ERROR - 2020-12-09T01:12:47.877Z] WebElementLocator - _handleLocateCommand - Element(s) NOT Found: GAVE UP. Search Stop Time: 1607476367876

  phantomjs://platform/console++.js:263 in error
[ERROR - 2020-12-09T01:12:48.624Z] WebElementLocator - _handleLocateCommand - Element(s) NOT Found: GAVE UP. Search Stop Time: 1607476368619

  phantomjs://platform/console++.js:263 in error
[ERROR - 2020-12-09T01:12:49.416Z] WebElementLocator - _handleLocateCommand - Element(s) NOT Found: GAVE UP. Search Stop Time: 1607476369374

  phantomjs://platform/console++.js:263 in error
[ERROR - 2020-12-09T01:12:50.220Z] WebElementLocator - _handleLocateCommand - Element(s) NOT Found: GAVE UP. Search Stop Time: 1607476370161

  phantomjs://platform/console++.js:263 in error
[ERROR - 2020-12-09T01:12:50.988Z] WebElementLocator - _handleLocateCommand - Element(s) NOT Found: GAVE UP. Search Stop Time: 1607476370979

  phantomjs://platform/console++.js:263 in error
[ERROR - 2020-12-09T01:12:51.804Z] WebElementLocator - _handleLocateCommand - Element(s) NOT Found: GAVE UP. Search Stop Time: 1607476371748

  phantomjs://platform/console++.js:263 in error
[ERROR - 2020-12-09T01:12:52.589Z] WebElementLocator - _handleLocateCommand - Element(s) NOT Found: GAVE UP. Search Stop Time: 1607476372546

  phantomjs://platform/console++.js:263 in error
[ERROR - 2020-12-09T01:12:53.384Z] WebElementLocator - _handleLocateCommand - Element(s) NOT Found: GAVE UP. Search Stop Time: 1607476373332

  phantomjs://platform/console++.js:263 in error
[ERROR - 2020-12-09T01:12:54.179Z] WebElementLocator - _handleLocateCommand - Element(s) NOT Found: GAVE UP. Search Stop Time: 1607476374129

  phantomjs://platform/console++.js:263 in error
[ERROR - 2020-12-09T01:12:54.936Z] WebElementLocator - _handleLocateCommand - Element(s) NOT Found: GAVE UP. Search Stop Time: 1607476374929

  phantomjs://platform/console++.js:263 in error
[ERROR - 2020-12-09T01:12:55.741Z] WebElementLocator - _handleLocateCommand - Element(s) NOT Found: GAVE UP. Search Stop Time: 1607476375685

  phantomjs://platform/console++.js:263 in error
[ERROR - 2020-12-09T01:12:56.523Z] WebElementLocator - _handleLocateCommand - Element(s) NOT Found: GAVE UP. Search Stop Time: 1607476376487

  phantomjs://platform/console++.js:263 in error
[ERROR - 2020-12-09T01:12:57.305Z] WebElementLocator - _handleLocateCommand - Element(s) NOT Found: GAVE UP. Search Stop Time: 1607476377262

  phantomjs://platform/console++.js:263 in error
